<?xml version="1.0" encoding="UTF-8"?>
<!-- Generated by org.testng.reporters.JUnitXMLReporter -->
<testsuite hostname="BrendenT" name="Test" tests="1" failures="1" timestamp="14 Feb 2015 05:21:34 GMT" time="10.563" errors="0">
  <testcase name="@AfterMethod tearDown" time="0.0" classname="com.baird.bairdWarnerMainTests.BaseTest">
    <failure type="java.lang.NullPointerException">
      <![CDATA[java.lang.NullPointerException
	at com.baird.pageObject.SauceBase.tearDown(SauceBase.java:98)
... Removed 26 stack frames]]>
    </failure>
  </testcase> <!-- @AfterMethod tearDown -->
  <testcase name="test_Account_Login_Page_Appear_Correct" time="0.047" classname="com.baird.bairdWarnerMainTests.BaseTest">
    <failure type="java.lang.NullPointerException">
      <![CDATA[java.lang.NullPointerException
	at com.baird.pageObject.AccountLoginTest.clickLoginPopup(AccountLoginTest.java:49)
	at com.baird.pageObject.AccountLoginTest.loginToBairdAccount(AccountLoginTest.java:93)
	at com.baird.bairdWarnerMainTests.BaseTest.test_Account_Login_Page_Appear_Correct(BaseTest.java:23)
... Removed 24 stack frames]]>
    </failure>
  </testcase> <!-- test_Account_Login_Page_Appear_Correct -->
</testsuite> <!-- Test -->
