<?xml version="1.0" encoding="UTF-8"?>
<!-- Generated by org.testng.reporters.JUnitXMLReporter -->
<testsuite hostname="BrendenT" name="Command line test" tests="1" failures="1" timestamp="11 Feb 2015 23:51:19 GMT" time="7.247" errors="0">
  <testcase name="test_Account_Login_Page_Appear_Correct" time="1.993" classname="com.baird.bairdWarnerMainTests.BaseTest">
    <failure type="java.lang.ClassCastException" message="org.openqa.selenium.By$ByClassName cannot be cast to org.openqa.selenium.WebElement">
      <![CDATA[java.lang.ClassCastException: org.openqa.selenium.By$ByClassName cannot be cast to org.openqa.selenium.WebElement
	at com.baird.pageObject.AccountLoginTest.getLoginWelcome(AccountLoginTest.java:66)
	at com.baird.bairdWarnerMainTests.BaseTest.test_Account_Login_Page_Appear_Correct(BaseTest.java:25)
... Removed 33 stack frames]]>
    </failure>
  </testcase> <!-- test_Account_Login_Page_Appear_Correct -->
</testsuite> <!-- Command line test -->
