<?xml version="1.0" encoding="UTF-8"?>
<testng-results skipped="0" failed="1" total="1" passed="0">
  <reporter-output>
  </reporter-output>
  <suite name="com.baird.bairdWarnerMainTests.BaseTest" duration-ms="7247" started-at="2015-02-11T23:51:11Z" finished-at="2015-02-11T23:51:19Z">
    <groups>
    </groups>
    <test name="Command line test" duration-ms="7247" started-at="2015-02-11T23:51:11Z" finished-at="2015-02-11T23:51:19Z">
      <class name="com.baird.bairdWarnerMainTests.BaseTest">
        <test-method status="PASS" signature="setUpBeforeTestClass()[pri:0, instance:com.baird.bairdWarnerMainTests.BaseTest@73f792cf]" name="setUpBeforeTestClass" is-config="true" duration-ms="4934" started-at="2015-02-11T16:51:11Z" finished-at="2015-02-11T16:51:16Z">
          <reporter-output>
          </reporter-output>
        </test-method> <!-- setUpBeforeTestClass -->
        <test-method status="FAIL" signature="test_Account_Login_Page_Appear_Correct()[pri:0, instance:com.baird.bairdWarnerMainTests.BaseTest@73f792cf]" name="test_Account_Login_Page_Appear_Correct" duration-ms="1993" started-at="2015-02-11T16:51:16Z" finished-at="2015-02-11T16:51:18Z">
          <exception class="java.lang.ClassCastException">
            <message>
              <![CDATA[org.openqa.selenium.By$ByClassName cannot be cast to org.openqa.selenium.WebElement]]>
            </message>
            <full-stacktrace>
              <![CDATA[java.lang.ClassCastException: org.openqa.selenium.By$ByClassName cannot be cast to org.openqa.selenium.WebElement
	at com.baird.pageObject.AccountLoginTest.getLoginWelcome(AccountLoginTest.java:66)
	at com.baird.bairdWarnerMainTests.BaseTest.test_Account_Login_Page_Appear_Correct(BaseTest.java:25)
	at sun.reflect.NativeMethodAccessorImpl.invoke0(Native Method)
	at sun.reflect.NativeMethodAccessorImpl.invoke(NativeMethodAccessorImpl.java:62)
	at sun.reflect.DelegatingMethodAccessorImpl.invoke(DelegatingMethodAccessorImpl.java:43)
	at java.lang.reflect.Method.invoke(Method.java:483)
	at org.testng.internal.MethodInvocationHelper.invokeMethod(MethodInvocationHelper.java:85)
	at org.testng.internal.Invoker.invokeMethod(Invoker.java:696)
	at org.testng.internal.Invoker.invokeTestMethod(Invoker.java:882)
	at org.testng.internal.Invoker.invokeTestMethods(Invoker.java:1189)
	at org.testng.internal.TestMethodWorker.invokeTestMethods(TestMethodWorker.java:124)
	at org.testng.internal.TestMethodWorker.run(TestMethodWorker.java:108)
	at org.testng.TestRunner.privateRun(TestRunner.java:767)
	at org.testng.TestRunner.run(TestRunner.java:617)
	at org.testng.SuiteRunner.runTest(SuiteRunner.java:348)
	at org.testng.SuiteRunner.runSequentially(SuiteRunner.java:343)
	at org.testng.SuiteRunner.privateRun(SuiteRunner.java:305)
	at org.testng.SuiteRunner.run(SuiteRunner.java:254)
	at org.testng.SuiteRunnerWorker.runSuite(SuiteRunnerWorker.java:52)
	at org.testng.SuiteRunnerWorker.run(SuiteRunnerWorker.java:86)
	at org.testng.TestNG.runSuitesSequentially(TestNG.java:1224)
	at org.testng.TestNG.runSuitesLocally(TestNG.java:1149)
	at org.testng.TestNG.run(TestNG.java:1057)
	at org.apache.maven.surefire.testng.TestNGExecutor.run(TestNGExecutor.java:70)
	at org.apache.maven.surefire.testng.TestNGDirectoryTestSuite.execute(TestNGDirectoryTestSuite.java:109)
	at org.apache.maven.surefire.testng.TestNGProvider.invoke(TestNGProvider.java:111)
	at sun.reflect.NativeMethodAccessorImpl.invoke0(Native Method)
	at sun.reflect.NativeMethodAccessorImpl.invoke(NativeMethodAccessorImpl.java:62)
	at sun.reflect.DelegatingMethodAccessorImpl.invoke(DelegatingMethodAccessorImpl.java:43)
	at java.lang.reflect.Method.invoke(Method.java:483)
	at org.apache.maven.surefire.util.ReflectionUtils.invokeMethodWithArray(ReflectionUtils.java:164)
	at org.apache.maven.surefire.booter.ProviderFactory$ProviderProxy.invoke(ProviderFactory.java:110)
	at org.apache.maven.surefire.booter.SurefireStarter.invokeProvider(SurefireStarter.java:175)
	at org.apache.maven.surefire.booter.SurefireStarter.runSuitesInProcessWhenForked(SurefireStarter.java:107)
	at org.apache.maven.surefire.booter.ForkedBooter.main(ForkedBooter.java:68)
]]>
            </full-stacktrace>
          </exception> <!-- java.lang.ClassCastException -->
          <reporter-output>
          </reporter-output>
        </test-method> <!-- test_Account_Login_Page_Appear_Correct -->
        <test-method status="PASS" signature="tearDown()[pri:0, instance:com.baird.bairdWarnerMainTests.BaseTest@73f792cf]" name="tearDown" is-config="true" duration-ms="308" started-at="2015-02-11T16:51:18Z" finished-at="2015-02-11T16:51:19Z">
          <reporter-output>
          </reporter-output>
        </test-method> <!-- tearDown -->
      </class> <!-- com.baird.bairdWarnerMainTests.BaseTest -->
    </test> <!-- Command line test -->
  </suite> <!-- com.baird.bairdWarnerMainTests.BaseTest -->
</testng-results>
