<?xml version="1.0" encoding="UTF-8"?>
<testng-results skipped="0" failed="0" total="1" passed="1">
  <reporter-output>
  </reporter-output>
  <suite name="Default suite" duration-ms="13184" started-at="2015-02-17T00:43:10Z" finished-at="2015-02-17T00:43:24Z">
    <groups>
    </groups>
    <test name="Default test" duration-ms="13184" started-at="2015-02-17T00:43:10Z" finished-at="2015-02-17T00:43:24Z">
      <class name="com.baird.bairdWarnerMainTests.BaseTest">
        <test-method status="PASS" signature="setUpBeforeTestClass()[pri:0, instance:com.baird.bairdWarnerMainTests.BaseTest@66d33a]" name="setUpBeforeTestClass" is-config="true" duration-ms="5562" started-at="2015-02-16T17:43:10Z" finished-at="2015-02-16T17:43:16Z">
          <reporter-output>
          </reporter-output>
        </test-method> <!-- setUpBeforeTestClass -->
        <test-method status="PASS" signature="test_Account_Login_Page_Appear_Correct()[pri:0, instance:com.baird.bairdWarnerMainTests.BaseTest@66d33a]" name="test_Account_Login_Page_Appear_Correct" duration-ms="7262" started-at="2015-02-16T17:43:16Z" finished-at="2015-02-16T17:43:23Z">
          <reporter-output>
          </reporter-output>
        </test-method> <!-- test_Account_Login_Page_Appear_Correct -->
        <test-method status="PASS" signature="tearDown()[pri:0, instance:com.baird.bairdWarnerMainTests.BaseTest@66d33a]" name="tearDown" is-config="true" duration-ms="350" started-at="2015-02-16T17:43:23Z" finished-at="2015-02-16T17:43:24Z">
          <reporter-output>
          </reporter-output>
        </test-method> <!-- tearDown -->
      </class> <!-- com.baird.bairdWarnerMainTests.BaseTest -->
    </test> <!-- Default test -->
  </suite> <!-- Default suite -->
</testng-results>
